This file contains any messages produced by compilers while
running configure, to aid debugging if configure makes a mistake.

It was created by SISCone configure 3.0.0, which was
generated by GNU Autoconf 2.63.  Invocation command line was

  $ ./configure --disable-option-checking --prefix=/Users/caminal/WorkArea/commitFolder/H4bAnalysis/fastjet --cache-file=/dev/null --srcdir=.

## --------- ##
## Platform. ##
## --------- ##

hostname = pb-d-128-141-141-76.cern.ch
uname -m = x86_64
uname -r = 14.3.0
uname -s = Darwin
uname -v = Darwin Kernel Version 14.3.0: Mon Mar 23 11:59:05 PDT 2015; root:xnu-2782.20.48~5/RELEASE_X86_64

/usr/bin/uname -p = i386
/bin/uname -X     = unknown

/bin/arch              = unknown
/usr/bin/arch -k       = unknown
/usr/convex/getsysinfo = unknown
/usr/bin/hostinfo      = Mach kernel version:
	 Darwin Kernel Version 14.3.0: Mon Mar 23 11:59:05 PDT 2015; root:xnu-2782.20.48~5/RELEASE_X86_64
Kernel configured for up to 4 processors.
2 processors are physically available.
4 processors are logically available.
Processor type: x86_64h (Intel x86-64h Haswell)
Processors active: 0 1 2 3
Primary memory available: 16.00 gigabytes
Default processor set: 264 tasks, 1201 threads, 4 processors
Load average: 2.24, Mach factor: 1.75
/bin/machine           = unknown
/usr/bin/oslevel       = unknown
/bin/universe          = unknown

PATH: /Users/caminal/.ROOTCERN/root-v6-02/bin
PATH: /bin
PATH: /Users/caminal/.ROOTCERN/root-v6-02/bin
PATH: /bin
PATH: /Users/caminal/.ROOTCERN/root-v6-02/bin
PATH: /bin
PATH: /Users/caminal/.ROOTCERN/root-v6-02/bin
PATH: /bin
PATH: /Users/caminal/.ROOTCERN/root-v6-02/bin
PATH: /bin
PATH: /Users/caminal/.ROOTCERN/root-v6-02/bin
PATH: /bin
PATH: /Users/caminal/.ROOTCERN/root-v6-02/bin
PATH: /bin
PATH: /Users/caminal/.ROOTCERN/root-v6-02/bin
PATH: /bin
PATH: /Users/caminal/.ROOTCERN/root-v6-02/bin
PATH: /bin
PATH: /Users/caminal/.ROOTCERN/root-v6-02/bin
PATH: /bin
PATH: /Users/caminal/.ROOTCERN/root-v6-02/bin
PATH: /bin
PATH: /Users/caminal/.ROOTCERN/root-v6-02/bin
PATH: /bin
PATH: /Users/caminal/.ROOTCERN/root-v6-02/bin
PATH: /bin
PATH: /Users/caminal/.ROOTCERN/root-v6-02/bin
PATH: /bin
PATH: /Users/caminal/.ROOTCERN/root-v6-02/bin
PATH: /bin
PATH: /Users/caminal/.ROOTCERN/root-v6-02/bin
PATH: /bin
PATH: /Users/caminal/.ROOTCERN/root-v6-02/bin
PATH: /bin
PATH: /Users/caminal/.ROOTCERN/root-v6-02/bin
PATH: /bin
PATH: /Users/caminal/.ROOTCERN/root-v6-02/bin
PATH: /bin
PATH: /Users/caminal/.ROOTCERN/root-v6-02/bin
PATH: /bin
PATH: /Users/caminal/.ROOTCERN/root-v6-02/bin
PATH: /bin
PATH: /Users/caminal/.ROOTCERN/root-v6-02/bin
PATH: /bin
PATH: /Users/caminal/.ROOTCERN/root-v6-02/bin
PATH: /bin
PATH: /Users/caminal/.ROOTCERN/root-v6-02/bin
PATH: /bin
PATH: /Users/caminal/.ROOTCERN/root-v6-02/bin
PATH: /bin
PATH: /Users/caminal/.ROOTCERN/root-v6-02/bin
PATH: /bin
PATH: /Users/caminal/.ROOTCERN/root-v6-02/bin
PATH: /bin
PATH: /usr/local/bin
PATH: /usr/bin
PATH: /bin
PATH: /usr/sbin
PATH: /sbin
PATH: /opt/X11/bin
PATH: /Users/caminal/bin
PATH: /Users/caminal/bin
PATH: /Users/caminal/bin
PATH: /Users/caminal/bin
PATH: /Users/caminal/bin
PATH: /Users/caminal/bin
PATH: /Users/caminal/bin
PATH: /Users/caminal/bin
PATH: /Users/caminal/bin
PATH: /Users/caminal/bin
PATH: /Users/caminal/bin
PATH: /Users/caminal/bin
PATH: /Users/caminal/bin
PATH: /Users/caminal/bin
PATH: /Users/caminal/bin
PATH: /Users/caminal/bin
PATH: /Users/caminal/bin
PATH: /Users/caminal/bin
PATH: /Users/caminal/bin
PATH: /Users/caminal/bin
PATH: /Users/caminal/bin
PATH: /Users/caminal/bin
PATH: /Users/caminal/bin
PATH: /Users/caminal/bin
PATH: /Users/caminal/bin
PATH: /Users/caminal/bin
PATH: /Users/caminal/bin


## ----------- ##
## Core tests. ##
## ----------- ##

configure:2082: checking for a BSD-compatible install
configure:2150: result: /usr/bin/install -c
configure:2161: checking whether build environment is sane
configure:2221: result: yes
configure:2362: checking for a thread-safe mkdir -p
configure:2401: result: ./install-sh -c -d
configure:2414: checking for gawk
configure:2444: result: no
configure:2414: checking for mawk
configure:2444: result: no
configure:2414: checking for nawk
configure:2444: result: no
configure:2414: checking for awk
configure:2430: found /usr/bin/awk
configure:2441: result: awk
configure:2452: checking whether make sets $(MAKE)
configure:2474: result: yes
configure:2573: checking for style of include used by make
configure:2601: result: GNU
configure:2671: checking for gcc
configure:2687: found /usr/bin/gcc
configure:2698: result: gcc
configure:2930: checking for C compiler version
configure:2938: gcc --version >&5
Configured with: --prefix=/Applications/Xcode.app/Contents/Developer/usr --with-gxx-include-dir=/usr/include/c++/4.2.1
Apple LLVM version 6.1.0 (clang-602.0.53) (based on LLVM 3.6.0svn)
Target: x86_64-apple-darwin14.3.0
Thread model: posix
configure:2942: $? = 0
configure:2949: gcc -v >&5
Configured with: --prefix=/Applications/Xcode.app/Contents/Developer/usr --with-gxx-include-dir=/usr/include/c++/4.2.1
Apple LLVM version 6.1.0 (clang-602.0.53) (based on LLVM 3.6.0svn)
Target: x86_64-apple-darwin14.3.0
Thread model: posix
configure:2953: $? = 0
configure:2960: gcc -V >&5
clang: error: argument to '-V' is missing (expected 1 value)
clang: error: no input files
configure:2964: $? = 1
configure:2987: checking for C compiler default output file name
configure:3009: gcc    conftest.c  >&5
configure:3013: $? = 0
configure:3051: result: a.out
configure:3070: checking whether the C compiler works
configure:3080: ./a.out
configure:3084: $? = 0
configure:3103: result: yes
configure:3110: checking whether we are cross compiling
configure:3112: result: no
configure:3115: checking for suffix of executables
configure:3122: gcc -o conftest    conftest.c  >&5
configure:3126: $? = 0
configure:3152: result: 
configure:3158: checking for suffix of object files
configure:3184: gcc -c   conftest.c >&5
configure:3188: $? = 0
configure:3213: result: o
configure:3217: checking whether we are using the GNU C compiler
configure:3246: gcc -c   conftest.c >&5
configure:3253: $? = 0
configure:3270: result: yes
configure:3279: checking whether gcc accepts -g
configure:3309: gcc -c -g  conftest.c >&5
configure:3316: $? = 0
configure:3417: result: yes
configure:3434: checking for gcc option to accept ISO C89
configure:3508: gcc  -c -g -O2  conftest.c >&5
configure:3515: $? = 0
configure:3538: result: none needed
configure:3558: checking dependency style of gcc
configure:3668: result: gcc3
configure:3689: checking how to run the C preprocessor
configure:3729: gcc -E  conftest.c
configure:3736: $? = 0
configure:3767: gcc -E  conftest.c
conftest.c:10:10: fatal error: 'ac_nonexistent.h' file not found
#include <ac_nonexistent.h>
         ^
1 error generated.
configure:3774: $? = 1
configure: failed program was:
| /* confdefs.h.  */
| #define PACKAGE_NAME "SISCone"
| #define PACKAGE_TARNAME "siscone"
| #define PACKAGE_VERSION "3.0.0"
| #define PACKAGE_STRING "SISCone 3.0.0"
| #define PACKAGE_BUGREPORT ""
| #define PACKAGE "siscone"
| #define VERSION "3.0.0"
| /* end confdefs.h.  */
| #include <ac_nonexistent.h>
configure:3807: result: gcc -E
configure:3836: gcc -E  conftest.c
configure:3843: $? = 0
configure:3874: gcc -E  conftest.c
conftest.c:10:10: fatal error: 'ac_nonexistent.h' file not found
#include <ac_nonexistent.h>
         ^
1 error generated.
configure:3881: $? = 1
configure: failed program was:
| /* confdefs.h.  */
| #define PACKAGE_NAME "SISCone"
| #define PACKAGE_TARNAME "siscone"
| #define PACKAGE_VERSION "3.0.0"
| #define PACKAGE_STRING "SISCone 3.0.0"
| #define PACKAGE_BUGREPORT ""
| #define PACKAGE "siscone"
| #define VERSION "3.0.0"
| /* end confdefs.h.  */
| #include <ac_nonexistent.h>
configure:3921: checking for grep that handles long lines and -e
configure:3981: result: /usr/bin/grep
configure:3986: checking for egrep
configure:4050: result: /usr/bin/grep -E
configure:4055: checking for ANSI C header files
configure:4085: gcc -c -g -O2  conftest.c >&5
configure:4092: $? = 0
configure:4191: gcc -o conftest -g -O2   conftest.c  >&5
configure:4195: $? = 0
configure:4201: ./conftest
configure:4205: $? = 0
configure:4223: result: yes
configure:4247: checking for sys/types.h
configure:4268: gcc -c -g -O2  conftest.c >&5
configure:4275: $? = 0
configure:4292: result: yes
configure:4247: checking for sys/stat.h
configure:4268: gcc -c -g -O2  conftest.c >&5
configure:4275: $? = 0
configure:4292: result: yes
configure:4247: checking for stdlib.h
configure:4268: gcc -c -g -O2  conftest.c >&5
configure:4275: $? = 0
configure:4292: result: yes
configure:4247: checking for string.h
configure:4268: gcc -c -g -O2  conftest.c >&5
configure:4275: $? = 0
configure:4292: result: yes
configure:4247: checking for memory.h
configure:4268: gcc -c -g -O2  conftest.c >&5
configure:4275: $? = 0
configure:4292: result: yes
configure:4247: checking for strings.h
configure:4268: gcc -c -g -O2  conftest.c >&5
configure:4275: $? = 0
configure:4292: result: yes
configure:4247: checking for inttypes.h
configure:4268: gcc -c -g -O2  conftest.c >&5
configure:4275: $? = 0
configure:4292: result: yes
configure:4247: checking for stdint.h
configure:4268: gcc -c -g -O2  conftest.c >&5
configure:4275: $? = 0
configure:4292: result: yes
configure:4247: checking for unistd.h
configure:4268: gcc -c -g -O2  conftest.c >&5
configure:4275: $? = 0
configure:4292: result: yes
configure:4306: checking for int
configure:4334: gcc -c -g -O2  conftest.c >&5
configure:4341: $? = 0
configure:4368: gcc -c -g -O2  conftest.c >&5
conftest.c:56:18: error: expected expression
if (sizeof ((int)))
                 ^
1 error generated.
configure:4375: $? = 1
configure: failed program was:
| /* confdefs.h.  */
| #define PACKAGE_NAME "SISCone"
| #define PACKAGE_TARNAME "siscone"
| #define PACKAGE_VERSION "3.0.0"
| #define PACKAGE_STRING "SISCone 3.0.0"
| #define PACKAGE_BUGREPORT ""
| #define PACKAGE "siscone"
| #define VERSION "3.0.0"
| #define STDC_HEADERS 1
| #define HAVE_SYS_TYPES_H 1
| #define HAVE_SYS_STAT_H 1
| #define HAVE_STDLIB_H 1
| #define HAVE_STRING_H 1
| #define HAVE_MEMORY_H 1
| #define HAVE_STRINGS_H 1
| #define HAVE_INTTYPES_H 1
| #define HAVE_STDINT_H 1
| #define HAVE_UNISTD_H 1
| /* end confdefs.h.  */
| #include <stdio.h>
| #ifdef HAVE_SYS_TYPES_H
| # include <sys/types.h>
| #endif
| #ifdef HAVE_SYS_STAT_H
| # include <sys/stat.h>
| #endif
| #ifdef STDC_HEADERS
| # include <stdlib.h>
| # include <stddef.h>
| #else
| # ifdef HAVE_STDLIB_H
| #  include <stdlib.h>
| # endif
| #endif
| #ifdef HAVE_STRING_H
| # if !defined STDC_HEADERS && defined HAVE_MEMORY_H
| #  include <memory.h>
| # endif
| # include <string.h>
| #endif
| #ifdef HAVE_STRINGS_H
| # include <strings.h>
| #endif
| #ifdef HAVE_INTTYPES_H
| # include <inttypes.h>
| #endif
| #ifdef HAVE_STDINT_H
| # include <stdint.h>
| #endif
| #ifdef HAVE_UNISTD_H
| # include <unistd.h>
| #endif
| int
| main ()
| {
| if (sizeof ((int)))
| 	  return 0;
|   ;
|   return 0;
| }
configure:4398: result: yes
configure:4401: checking for long
configure:4429: gcc -c -g -O2  conftest.c >&5
configure:4436: $? = 0
configure:4463: gcc -c -g -O2  conftest.c >&5
conftest.c:56:19: error: expected expression
if (sizeof ((long)))
                  ^
1 error generated.
configure:4470: $? = 1
configure: failed program was:
| /* confdefs.h.  */
| #define PACKAGE_NAME "SISCone"
| #define PACKAGE_TARNAME "siscone"
| #define PACKAGE_VERSION "3.0.0"
| #define PACKAGE_STRING "SISCone 3.0.0"
| #define PACKAGE_BUGREPORT ""
| #define PACKAGE "siscone"
| #define VERSION "3.0.0"
| #define STDC_HEADERS 1
| #define HAVE_SYS_TYPES_H 1
| #define HAVE_SYS_STAT_H 1
| #define HAVE_STDLIB_H 1
| #define HAVE_STRING_H 1
| #define HAVE_MEMORY_H 1
| #define HAVE_STRINGS_H 1
| #define HAVE_INTTYPES_H 1
| #define HAVE_STDINT_H 1
| #define HAVE_UNISTD_H 1
| /* end confdefs.h.  */
| #include <stdio.h>
| #ifdef HAVE_SYS_TYPES_H
| # include <sys/types.h>
| #endif
| #ifdef HAVE_SYS_STAT_H
| # include <sys/stat.h>
| #endif
| #ifdef STDC_HEADERS
| # include <stdlib.h>
| # include <stddef.h>
| #else
| # ifdef HAVE_STDLIB_H
| #  include <stdlib.h>
| # endif
| #endif
| #ifdef HAVE_STRING_H
| # if !defined STDC_HEADERS && defined HAVE_MEMORY_H
| #  include <memory.h>
| # endif
| # include <string.h>
| #endif
| #ifdef HAVE_STRINGS_H
| # include <strings.h>
| #endif
| #ifdef HAVE_INTTYPES_H
| # include <inttypes.h>
| #endif
| #ifdef HAVE_STDINT_H
| # include <stdint.h>
| #endif
| #ifdef HAVE_UNISTD_H
| # include <unistd.h>
| #endif
| int
| main ()
| {
| if (sizeof ((long)))
| 	  return 0;
|   ;
|   return 0;
| }
configure:4493: result: yes
configure:4557: checking for g++
configure:4573: found /usr/bin/g++
configure:4584: result: g++
configure:4611: checking for C++ compiler version
configure:4619: g++ --version >&5
Configured with: --prefix=/Applications/Xcode.app/Contents/Developer/usr --with-gxx-include-dir=/usr/include/c++/4.2.1
Apple LLVM version 6.1.0 (clang-602.0.53) (based on LLVM 3.6.0svn)
Target: x86_64-apple-darwin14.3.0
Thread model: posix
configure:4623: $? = 0
configure:4630: g++ -v >&5
Configured with: --prefix=/Applications/Xcode.app/Contents/Developer/usr --with-gxx-include-dir=/usr/include/c++/4.2.1
Apple LLVM version 6.1.0 (clang-602.0.53) (based on LLVM 3.6.0svn)
Target: x86_64-apple-darwin14.3.0
Thread model: posix
configure:4634: $? = 0
configure:4641: g++ -V >&5
clang: error: argument to '-V' is missing (expected 1 value)
clang: error: no input files
configure:4645: $? = 1
configure:4648: checking whether we are using the GNU C++ compiler
configure:4677: g++ -c -O3 -Wall -ffast-math  conftest.cpp >&5
configure:4684: $? = 0
configure:4701: result: yes
configure:4710: checking whether g++ accepts -g
configure:4740: g++ -c -g  conftest.cpp >&5
configure:4747: $? = 0
configure:4848: result: yes
configure:4873: checking dependency style of g++
configure:4983: result: gcc3
configure:5012: checking for a BSD-compatible install
configure:5080: result: /usr/bin/install -c
configure:5091: checking whether ln -s works
configure:5095: result: yes
configure:5102: checking whether make sets $(MAKE)
configure:5124: result: yes
configure:5134: checking for ANSI C header files
configure:5302: result: yes
configure:5329: checking for cos in -lm
configure:5364: gcc -o conftest -g -O2   conftest.c -lm   >&5
conftest.c:28:6: warning: incompatible redeclaration of library function 'cos' [-Wincompatible-library-redeclaration]
char cos ();
     ^
conftest.c:28:6: note: 'cos' is a builtin with type 'double (double)'
1 warning generated.
configure:5371: $? = 0
configure:5392: result: yes
configure:5436: checking build system type
configure:5454: result: x86_64-apple-darwin14.3.0
configure:5476: checking host system type
configure:5491: result: x86_64-apple-darwin14.3.0
configure:5513: checking for a sed that does not truncate output
configure:5579: result: /usr/bin/sed
configure:5597: checking for fgrep
configure:5661: result: /usr/bin/grep -F
configure:5696: checking for ld used by gcc
configure:5763: result: /Applications/Xcode.app/Contents/Developer/Toolchains/XcodeDefault.xctoolchain/usr/bin/ld
configure:5772: checking if the linker (/Applications/Xcode.app/Contents/Developer/Toolchains/XcodeDefault.xctoolchain/usr/bin/ld) is GNU ld
configure:5787: result: no
configure:5799: checking for BSD- or MS-compatible name lister (nm)
configure:5848: result: /usr/bin/nm
configure:5966: checking the name lister (/usr/bin/nm) interface
configure:5973: gcc -c -g -O2  conftest.c >&5
configure:5976: /usr/bin/nm "conftest.o"
configure:5979: output
000000000000021c S _some_variable
configure:5986: result: BSD nm
configure:5990: checking the maximum length of command line arguments
configure:6110: result: 196608
configure:6127: checking whether the shell understands some XSI constructs
configure:6137: result: yes
configure:6141: checking whether the shell understands "+="
configure:6147: result: yes
configure:6182: checking for /Applications/Xcode.app/Contents/Developer/Toolchains/XcodeDefault.xctoolchain/usr/bin/ld option to reload object files
configure:6189: result: -r
configure:6258: checking for objdump
configure:6288: result: no
configure:6317: checking how to recognize dependent libraries
configure:6513: result: pass_all
configure:6573: checking for ar
configure:6589: found /usr/bin/ar
configure:6600: result: ar
configure:6678: checking for strip
configure:6694: found /usr/bin/strip
configure:6705: result: strip
configure:6777: checking for ranlib
configure:6793: found /usr/bin/ranlib
configure:6804: result: ranlib
configure:6894: checking command to parse /usr/bin/nm output from gcc object
configure:7012: gcc -c -g -O2  conftest.c >&5
configure:7015: $? = 0
configure:7019: /usr/bin/nm conftest.o \| sed -n -e 's/^.*[	 ]\([BCDEGRST][BCDEGRST]*\)[	 ][	 ]*\([_A-Za-z][_A-Za-z0-9]*\)$/\1 \2 \2/p' \> conftest.nm
configure:7022: $? = 0
cannot find nm_test_var in conftest.nm
configure:7012: gcc -c -g -O2  conftest.c >&5
configure:7015: $? = 0
configure:7019: /usr/bin/nm conftest.o \| sed -n -e 's/^.*[	 ]\([BCDEGRST][BCDEGRST]*\)[	 ][	 ]*_\([_A-Za-z][_A-Za-z0-9]*\)$/\1 _\2 \2/p' \> conftest.nm
configure:7022: $? = 0
configure:7076: gcc -o conftest -g -O2   conftest.c conftstm.o >&5
configure:7079: $? = 0
configure:7117: result: ok
configure:7410: checking for dsymutil
configure:7426: found /usr/bin/dsymutil
configure:7437: result: dsymutil
configure:7502: checking for nmedit
configure:7518: found /usr/bin/nmedit
configure:7529: result: nmedit
configure:7594: checking for lipo
configure:7610: found /usr/bin/lipo
configure:7621: result: lipo
configure:7686: checking for otool
configure:7702: found /usr/bin/otool
configure:7713: result: otool
configure:7778: checking for otool64
configure:7808: result: no
configure:7853: checking for -single_module linker flag
gcc -g -O2  -o libconftest.dylib -dynamiclib -Wl,-single_module conftest.c
configure:7880: result: yes
configure:7882: checking for -exported_symbols_list linker flag
configure:7912: gcc -o conftest -g -O2   -Wl,-exported_symbols_list,conftest.sym conftest.c -lm  >&5
configure:7919: $? = 0
configure:7941: result: yes
configure:7982: checking for dlfcn.h
configure:8003: gcc -c -g -O2  conftest.c >&5
configure:8010: $? = 0
configure:8027: result: yes
configure:8154: checking for C++ compiler version
configure:8162: g++ --version >&5
Configured with: --prefix=/Applications/Xcode.app/Contents/Developer/usr --with-gxx-include-dir=/usr/include/c++/4.2.1
Apple LLVM version 6.1.0 (clang-602.0.53) (based on LLVM 3.6.0svn)
Target: x86_64-apple-darwin14.3.0
Thread model: posix
configure:8166: $? = 0
configure:8173: g++ -v >&5
Configured with: --prefix=/Applications/Xcode.app/Contents/Developer/usr --with-gxx-include-dir=/usr/include/c++/4.2.1
Apple LLVM version 6.1.0 (clang-602.0.53) (based on LLVM 3.6.0svn)
Target: x86_64-apple-darwin14.3.0
Thread model: posix
configure:8177: $? = 0
configure:8184: g++ -V >&5
clang: error: argument to '-V' is missing (expected 1 value)
clang: error: no input files
configure:8188: $? = 1
configure:8191: checking whether we are using the GNU C++ compiler
configure:8244: result: yes
configure:8253: checking whether g++ accepts -g
configure:8391: result: yes
configure:8416: checking dependency style of g++
configure:8526: result: gcc3
configure:8549: checking how to run the C++ preprocessor
configure:8585: g++ -E  conftest.cpp
configure:8592: $? = 0
configure:8623: g++ -E  conftest.cpp
conftest.cpp:23:10: fatal error: 'ac_nonexistent.h' file not found
#include <ac_nonexistent.h>
         ^
1 error generated.
configure:8630: $? = 1
configure: failed program was:
| /* confdefs.h.  */
| #define PACKAGE_NAME "SISCone"
| #define PACKAGE_TARNAME "siscone"
| #define PACKAGE_VERSION "3.0.0"
| #define PACKAGE_STRING "SISCone 3.0.0"
| #define PACKAGE_BUGREPORT ""
| #define PACKAGE "siscone"
| #define VERSION "3.0.0"
| #define STDC_HEADERS 1
| #define HAVE_SYS_TYPES_H 1
| #define HAVE_SYS_STAT_H 1
| #define HAVE_STDLIB_H 1
| #define HAVE_STRING_H 1
| #define HAVE_MEMORY_H 1
| #define HAVE_STRINGS_H 1
| #define HAVE_INTTYPES_H 1
| #define HAVE_STDINT_H 1
| #define HAVE_UNISTD_H 1
| #define STDC_HEADERS 1
| #define HAVE_LIBM 1
| #define HAVE_DLFCN_H 1
| /* end confdefs.h.  */
| #include <ac_nonexistent.h>
configure:8663: result: g++ -E
configure:8692: g++ -E  conftest.cpp
configure:8699: $? = 0
configure:8730: g++ -E  conftest.cpp
conftest.cpp:23:10: fatal error: 'ac_nonexistent.h' file not found
#include <ac_nonexistent.h>
         ^
1 error generated.
configure:8737: $? = 1
configure: failed program was:
| /* confdefs.h.  */
| #define PACKAGE_NAME "SISCone"
| #define PACKAGE_TARNAME "siscone"
| #define PACKAGE_VERSION "3.0.0"
| #define PACKAGE_STRING "SISCone 3.0.0"
| #define PACKAGE_BUGREPORT ""
| #define PACKAGE "siscone"
| #define VERSION "3.0.0"
| #define STDC_HEADERS 1
| #define HAVE_SYS_TYPES_H 1
| #define HAVE_SYS_STAT_H 1
| #define HAVE_STDLIB_H 1
| #define HAVE_STRING_H 1
| #define HAVE_MEMORY_H 1
| #define HAVE_STRINGS_H 1
| #define HAVE_INTTYPES_H 1
| #define HAVE_STDINT_H 1
| #define HAVE_UNISTD_H 1
| #define STDC_HEADERS 1
| #define HAVE_LIBM 1
| #define HAVE_DLFCN_H 1
| /* end confdefs.h.  */
| #include <ac_nonexistent.h>
configure:8951: checking for objdir
configure:8966: result: .libs
configure:9258: checking if gcc supports -fno-rtti -fno-exceptions
configure:9276: gcc -c -g -O2  -fno-rtti -fno-exceptions conftest.c >&5
configure:9280: $? = 0
configure:9293: result: yes
configure:9313: checking for gcc option to produce PIC
configure:9585: result: -fno-common -DPIC
configure:9597: checking if gcc PIC flag -fno-common -DPIC works
configure:9615: gcc -c -g -O2  -fno-common -DPIC -DPIC conftest.c >&5
configure:9619: $? = 0
configure:9632: result: yes
configure:9656: checking if gcc static flag -static works
configure:9684: result: no
configure:9699: checking if gcc supports -c -o file.o
configure:9720: gcc -c -g -O2  -o out/conftest2.o conftest.c >&5
configure:9724: $? = 0
configure:9746: result: yes
configure:9754: checking if gcc supports -c -o file.o
configure:9801: result: yes
configure:9834: checking whether the gcc linker (/Applications/Xcode.app/Contents/Developer/Toolchains/XcodeDefault.xctoolchain/usr/bin/ld) supports shared libraries
configure:10908: result: yes
configure:11147: checking dynamic linker characteristics
configure:11833: result: darwin14.3.0 dyld
configure:11935: checking how to hardcode library paths into programs
configure:11960: result: immediate
configure:12793: checking whether stripping libraries is possible
configure:12807: result: yes
configure:12833: checking if libtool supports shared libraries
configure:12835: result: yes
configure:12838: checking whether to build shared libraries
configure:12859: result: yes
configure:12862: checking whether to build static libraries
configure:12866: result: yes
configure:13016: checking for ld used by g++
configure:13083: result: /Applications/Xcode.app/Contents/Developer/Toolchains/XcodeDefault.xctoolchain/usr/bin/ld
configure:13092: checking if the linker (/Applications/Xcode.app/Contents/Developer/Toolchains/XcodeDefault.xctoolchain/usr/bin/ld) is GNU ld
configure:13107: result: no
configure:13162: checking whether the g++ linker (/Applications/Xcode.app/Contents/Developer/Toolchains/XcodeDefault.xctoolchain/usr/bin/ld) supports shared libraries
configure:14137: result: yes
configure:14165: g++ -c -O3 -Wall -ffast-math -g   conftest.cpp >&5
configure:14168: $? = 0
configure:14350: checking for g++ option to produce PIC
configure:14667: result: -fno-common -DPIC
configure:14676: checking if g++ PIC flag -fno-common -DPIC works
configure:14694: g++ -c -O3 -Wall -ffast-math -g   -fno-common -DPIC -DPIC conftest.cpp >&5
configure:14698: $? = 0
configure:14711: result: yes
configure:14732: checking if g++ static flag -static works
configure:14760: result: no
configure:14772: checking if g++ supports -c -o file.o
configure:14793: g++ -c -O3 -Wall -ffast-math -g   -o out/conftest2.o conftest.cpp >&5
configure:14797: $? = 0
configure:14819: result: yes
configure:14824: checking if g++ supports -c -o file.o
configure:14871: result: yes
configure:14901: checking whether the g++ linker (/Applications/Xcode.app/Contents/Developer/Toolchains/XcodeDefault.xctoolchain/usr/bin/ld) supports shared libraries
configure:14927: result: yes
configure:15064: checking dynamic linker characteristics
configure:15698: result: darwin14.3.0 dyld
configure:15749: checking how to hardcode library paths into programs
configure:15774: result: immediate
configure:15973: creating ./config.status

## ---------------------- ##
## Running config.status. ##
## ---------------------- ##

This file was extended by SISCone config.status 3.0.0, which was
generated by GNU Autoconf 2.63.  Invocation command line was

  CONFIG_FILES    = 
  CONFIG_HEADERS  = 
  CONFIG_LINKS    = 
  CONFIG_COMMANDS = 
  $ ./config.status 

on pb-d-128-141-141-76.cern.ch

config.status:1048: creating Makefile
config.status:1048: creating siscone/Makefile
config.status:1048: creating siscone/spherical/Makefile
config.status:1048: creating examples/Makefile
config.status:1048: creating examples/events/Makefile
config.status:1048: creating siscone/config.h
config.status:1322: executing depfiles commands
config.status:1322: executing libtool commands

## ---------------- ##
## Cache variables. ##
## ---------------- ##

ac_cv_build=x86_64-apple-darwin14.3.0
ac_cv_c_compiler_gnu=yes
ac_cv_cxx_compiler_gnu=yes
ac_cv_env_CCC_set=
ac_cv_env_CCC_value=
ac_cv_env_CC_set=
ac_cv_env_CC_value=
ac_cv_env_CFLAGS_set=
ac_cv_env_CFLAGS_value=
ac_cv_env_CPPFLAGS_set=
ac_cv_env_CPPFLAGS_value=
ac_cv_env_CPP_set=
ac_cv_env_CPP_value=
ac_cv_env_CXXCPP_set=
ac_cv_env_CXXCPP_value=
ac_cv_env_CXXFLAGS_set=
ac_cv_env_CXXFLAGS_value=
ac_cv_env_CXX_set=
ac_cv_env_CXX_value=
ac_cv_env_LDFLAGS_set=
ac_cv_env_LDFLAGS_value=
ac_cv_env_LIBS_set=
ac_cv_env_LIBS_value=
ac_cv_env_build_alias_set=
ac_cv_env_build_alias_value=
ac_cv_env_host_alias_set=
ac_cv_env_host_alias_value=
ac_cv_env_target_alias_set=
ac_cv_env_target_alias_value=
ac_cv_header_dlfcn_h=yes
ac_cv_header_inttypes_h=yes
ac_cv_header_memory_h=yes
ac_cv_header_stdc=yes
ac_cv_header_stdint_h=yes
ac_cv_header_stdlib_h=yes
ac_cv_header_string_h=yes
ac_cv_header_strings_h=yes
ac_cv_header_sys_stat_h=yes
ac_cv_header_sys_types_h=yes
ac_cv_header_unistd_h=yes
ac_cv_host=x86_64-apple-darwin14.3.0
ac_cv_lib_m_cos=yes
ac_cv_objext=o
ac_cv_path_EGREP='/usr/bin/grep -E'
ac_cv_path_FGREP='/usr/bin/grep -F'
ac_cv_path_GREP=/usr/bin/grep
ac_cv_path_SED=/usr/bin/sed
ac_cv_path_install='/usr/bin/install -c'
ac_cv_prog_AWK=awk
ac_cv_prog_CPP='gcc -E'
ac_cv_prog_CXXCPP='g++ -E'
ac_cv_prog_ac_ct_AR=ar
ac_cv_prog_ac_ct_CC=gcc
ac_cv_prog_ac_ct_CXX=g++
ac_cv_prog_ac_ct_DSYMUTIL=dsymutil
ac_cv_prog_ac_ct_LIPO=lipo
ac_cv_prog_ac_ct_NMEDIT=nmedit
ac_cv_prog_ac_ct_OTOOL=otool
ac_cv_prog_ac_ct_RANLIB=ranlib
ac_cv_prog_ac_ct_STRIP=strip
ac_cv_prog_cc_c89=
ac_cv_prog_cc_g=yes
ac_cv_prog_cxx_g=yes
ac_cv_prog_make_make_set=yes
ac_cv_type_int=yes
ac_cv_type_long=yes
am_cv_CC_dependencies_compiler_type=gcc3
am_cv_CXX_dependencies_compiler_type=gcc3
lt_cv_apple_cc_single_mod=yes
lt_cv_deplibs_check_method=pass_all
lt_cv_file_magic_cmd='$MAGIC_CMD'
lt_cv_file_magic_test_file=
lt_cv_ld_exported_symbols_list=yes
lt_cv_ld_reload_flag=-r
lt_cv_nm_interface='BSD nm'
lt_cv_objdir=.libs
lt_cv_path_LD=/Applications/Xcode.app/Contents/Developer/Toolchains/XcodeDefault.xctoolchain/usr/bin/ld
lt_cv_path_LDCXX=/Applications/Xcode.app/Contents/Developer/Toolchains/XcodeDefault.xctoolchain/usr/bin/ld
lt_cv_path_NM=/usr/bin/nm
lt_cv_prog_compiler_c_o=yes
lt_cv_prog_compiler_c_o_CXX=yes
lt_cv_prog_compiler_pic_works=yes
lt_cv_prog_compiler_pic_works_CXX=yes
lt_cv_prog_compiler_rtti_exceptions=yes
lt_cv_prog_compiler_static_works=no
lt_cv_prog_compiler_static_works_CXX=no
lt_cv_prog_gnu_ld=no
lt_cv_prog_gnu_ldcxx=no
lt_cv_sys_global_symbol_pipe='sed -n -e '\''s/^.*[	 ]\([BCDEGRST][BCDEGRST]*\)[	 ][	 ]*_\([_A-Za-z][_A-Za-z0-9]*\)$/\1 _\2 \2/p'\'''
lt_cv_sys_global_symbol_to_c_name_address='sed -n -e '\''s/^: \([^ ]*\) $/  {\"\1\", (void *) 0},/p'\'' -e '\''s/^[BCDEGRST]* \([^ ]*\) \([^ ]*\)$/  {"\2", (void *) \&\2},/p'\'''
lt_cv_sys_global_symbol_to_c_name_address_lib_prefix='sed -n -e '\''s/^: \([^ ]*\) $/  {\"\1\", (void *) 0},/p'\'' -e '\''s/^[BCDEGRST]* \([^ ]*\) \(lib[^ ]*\)$/  {"\2", (void *) \&\2},/p'\'' -e '\''s/^[BCDEGRST]* \([^ ]*\) \([^ ]*\)$/  {"lib\2", (void *) \&\2},/p'\'''
lt_cv_sys_global_symbol_to_cdecl='sed -n -e '\''s/^T .* \(.*\)$/extern int \1();/p'\'' -e '\''s/^[BCDEGRST]* .* \(.*\)$/extern char \1;/p'\'''
lt_cv_sys_max_cmd_len=196608

## ----------------- ##
## Output variables. ##
## ----------------- ##

ACLOCAL='${SHELL} /Users/caminal/WorkArea/commitFolder/H4bAnalysis/fastjet-3.1.2/plugins/SISCone/siscone/missing --run aclocal-1.11'
AMDEPBACKSLASH='\'
AMDEP_FALSE='#'
AMDEP_TRUE=''
AMTAR='${SHELL} /Users/caminal/WorkArea/commitFolder/H4bAnalysis/fastjet-3.1.2/plugins/SISCone/siscone/missing --run tar'
AR='ar'
AUTOCONF='${SHELL} /Users/caminal/WorkArea/commitFolder/H4bAnalysis/fastjet-3.1.2/plugins/SISCone/siscone/missing --run autoconf'
AUTOHEADER='${SHELL} /Users/caminal/WorkArea/commitFolder/H4bAnalysis/fastjet-3.1.2/plugins/SISCone/siscone/missing --run autoheader'
AUTOMAKE='${SHELL} /Users/caminal/WorkArea/commitFolder/H4bAnalysis/fastjet-3.1.2/plugins/SISCone/siscone/missing --run automake-1.11'
AWK='awk'
CC='gcc'
CCDEPMODE='depmode=gcc3'
CFLAGS='-g -O2'
CPP='gcc -E'
CPPFLAGS=''
CXX='g++'
CXXCPP='g++ -E'
CXXDEPMODE='depmode=gcc3'
CXXFLAGS='-O3 -Wall -ffast-math -g '
CYGPATH_W='echo'
DEFS='-DHAVE_CONFIG_H'
DEPDIR='.deps'
DSYMUTIL='dsymutil'
DUMPBIN=''
ECHO_C='\c'
ECHO_N=''
ECHO_T=''
EGREP='/usr/bin/grep -E'
EXEEXT=''
FGREP='/usr/bin/grep -F'
GREP='/usr/bin/grep'
INSTALL_DATA='${INSTALL} -m 644'
INSTALL_PROGRAM='${INSTALL}'
INSTALL_SCRIPT='${INSTALL}'
INSTALL_STRIP_PROGRAM='$(install_sh) -c -s'
LD='/Applications/Xcode.app/Contents/Developer/Toolchains/XcodeDefault.xctoolchain/usr/bin/ld'
LDFLAGS=''
LIBOBJS=''
LIBS='-lm '
LIBTOOL='$(SHELL) $(top_builddir)/libtool'
LIPO='lipo'
LN_S='ln -s'
LTLIBOBJS=''
MAKEINFO='${SHELL} /Users/caminal/WorkArea/commitFolder/H4bAnalysis/fastjet-3.1.2/plugins/SISCone/siscone/missing --run makeinfo'
MKDIR_P='./install-sh -c -d'
NM='/usr/bin/nm'
NMEDIT='nmedit'
OBJDUMP='false'
OBJEXT='o'
OTOOL64=':'
OTOOL='otool'
PACKAGE='siscone'
PACKAGE_BUGREPORT=''
PACKAGE_NAME='SISCone'
PACKAGE_STRING='SISCone 3.0.0'
PACKAGE_TARNAME='siscone'
PACKAGE_VERSION='3.0.0'
PATH_SEPARATOR=':'
RANLIB='ranlib'
SED='/usr/bin/sed'
SET_MAKE=''
SHELL='/bin/sh'
STRIP='strip'
VERSION='3.0.0'
ac_ct_CC='gcc'
ac_ct_CXX='g++'
ac_ct_DUMPBIN=''
am__EXEEXT_FALSE=''
am__EXEEXT_TRUE='#'
am__fastdepCC_FALSE='#'
am__fastdepCC_TRUE=''
am__fastdepCXX_FALSE='#'
am__fastdepCXX_TRUE=''
am__include='include'
am__isrc=''
am__leading_dot='.'
am__quote=''
am__tar='${AMTAR} chof - "$$tardir"'
am__untar='${AMTAR} xf -'
bindir='${exec_prefix}/bin'
build='x86_64-apple-darwin14.3.0'
build_alias=''
build_cpu='x86_64'
build_os='darwin14.3.0'
build_vendor='apple'
datadir='${datarootdir}'
datarootdir='${prefix}/share'
docdir='${datarootdir}/doc/${PACKAGE_TARNAME}'
dvidir='${docdir}'
exec_prefix='${prefix}'
host='x86_64-apple-darwin14.3.0'
host_alias=''
host_cpu='x86_64'
host_os='darwin14.3.0'
host_vendor='apple'
htmldir='${docdir}'
includedir='${prefix}/include'
infodir='${datarootdir}/info'
install_sh='${SHELL} /Users/caminal/WorkArea/commitFolder/H4bAnalysis/fastjet-3.1.2/plugins/SISCone/siscone/install-sh'
libdir='${exec_prefix}/lib'
libexecdir='${exec_prefix}/libexec'
localedir='${datarootdir}/locale'
localstatedir='${prefix}/var'
lt_ECHO='/bin/echo'
mandir='${datarootdir}/man'
mkdir_p='$(top_builddir)/./install-sh -c -d'
oldincludedir='/usr/include'
pdfdir='${docdir}'
prefix='/Users/caminal/WorkArea/commitFolder/H4bAnalysis/fastjet'
program_transform_name='s,x,x,'
psdir='${docdir}'
sbindir='${exec_prefix}/sbin'
sharedstatedir='${prefix}/com'
sysconfdir='${prefix}/etc'
target_alias=''

## ----------- ##
## confdefs.h. ##
## ----------- ##

#define PACKAGE_NAME "SISCone"
#define PACKAGE_TARNAME "siscone"
#define PACKAGE_VERSION "3.0.0"
#define PACKAGE_STRING "SISCone 3.0.0"
#define PACKAGE_BUGREPORT ""
#define PACKAGE "siscone"
#define VERSION "3.0.0"
#define STDC_HEADERS 1
#define HAVE_SYS_TYPES_H 1
#define HAVE_SYS_STAT_H 1
#define HAVE_STDLIB_H 1
#define HAVE_STRING_H 1
#define HAVE_MEMORY_H 1
#define HAVE_STRINGS_H 1
#define HAVE_INTTYPES_H 1
#define HAVE_STDINT_H 1
#define HAVE_UNISTD_H 1
#define STDC_HEADERS 1
#define HAVE_LIBM 1
#define HAVE_DLFCN_H 1
#define LT_OBJDIR ".libs/"

configure: exit 0
